<?xml version="1.0" encoding="UTF-8"?>
<!-- Generated by org.testng.reporters.JUnitReportReporter -->
<testsuite hostname="DELLXPS" failures="0" tests="1" name="Demo.SampleTest" time="0.006" errors="0" timestamp="2023-08-22T09:11:05 IST" skipped="0">
  <testcase classname="Demo.SampleTest" name="m1" time="0.006"/>
  <system-out/>
</testsuite> <!-- Demo.SampleTest -->
